Построение начато 02.04.2016 19:13:51.
     1>Проект "C:\Documents and Settings\User\Рабочий стол\projects\task9v\task9v\task9v.vcxproj" в узле 2 (целевые объекты build).
     1>InitializeBuildStatus:
         Создание "Debug\task9v.unsuccessfulbuild", так как было задано "AlwaysCreate".
       ClCompile:
         C:\Program Files\Microsoft Visual Studio 10.0\VC\bin\CL.exe /c /ZI /nologo /W3 /WX- /Od /Oy- /D _MBCS /Gm /EHsc /RTC1 /MDd /GS /fp:precise /Zc:wchar_t /Zc:forScope /Fo"Debug\\" /Fd"Debug\vc100.pdb" /Gd /TP /analyze- /errorReport:prompt createsort.cpp
         createsort.cpp
       Link:
         C:\Program Files\Microsoft Visual Studio 10.0\VC\bin\link.exe /ERRORREPORT:PROMPT /OUT:"C:\Documents and Settings\User\Рабочий стол\projects\task9v\Debug\task9v.exe" /NOLOGO kernel32.lib user32.lib gdi32.lib winspool.lib comdlg32.lib advapi32.lib shell32.lib ole32.lib oleaut32.lib uuid.lib odbc32.lib odbccp32.lib /MANIFEST /ManifestFile:"Debug\task9v.exe.intermediate.manifest" /MANIFESTUAC:"level='asInvoker' uiAccess='false'" /DEBUG /PDB:"C:\Documents and Settings\User\Рабочий стол\projects\task9v\Debug\task9v.pdb" /TLBID:1 /DYNAMICBASE /NXCOMPAT /IMPLIB:"C:\Documents and Settings\User\Рабочий стол\projects\task9v\Debug\task9v.lib" /MACHINE:X86 Debug\createsort.obj
         Debug\Main.obj
         Debug\Stack.obj
         LINK : не найден или не выполнена сборка C:\Documents and Settings\User\Рабочий стол\projects\task9v\Debug\task9v.exe при последней инкрементной компоновке; выполняется полная компоновка
         task9v.vcxproj -> C:\Documents and Settings\User\Рабочий стол\projects\task9v\Debug\task9v.exe
       Manifest:
         C:\Program Files\Microsoft SDKs\Windows\v7.0A\bin\mt.exe /nologo /verbose /outputresource:"C:\Documents and Settings\User\Рабочий стол\projects\task9v\Debug\task9v.exe;#1" /manifest Debug\task9v.exe.intermediate.manifest
       FinalizeBuildStatus:
         Файл "Debug\task9v.unsuccessfulbuild" удаляется.
         Обращение к "Debug\task9v.lastbuildstate".
     1>Построение проекта "C:\Documents and Settings\User\Рабочий стол\projects\task9v\task9v\task9v.vcxproj" завершено (целевые объекты build).

Построение успешно завершено.

Затраченное время: 00:00:03.03
