Построение начато 19.03.2016 22:18:56.
     1>Проект "C:\Documents and Settings\User\Рабочий стол\projects\smth\smth\smth.vcxproj" в узле 2 (целевые объекты build).
     1>InitializeBuildStatus:
         Создание "Debug\smth.unsuccessfulbuild", так как было задано "AlwaysCreate".
       ClCompile:
         C:\Program Files\Microsoft Visual Studio 10.0\VC\bin\CL.exe /c /ZI /nologo /W3 /WX- /Od /Oy- /D _MBCS /Gm /EHsc /RTC1 /MDd /GS /fp:precise /Zc:wchar_t /Zc:forScope /Fo"Debug\\" /Fd"Debug\vc100.pdb" /Gd /TP /analyze- /errorReport:prompt "..\..\Проект8\Проект8\printmass.cpp"
         printmass.cpp
       Link:
         C:\Program Files\Microsoft Visual Studio 10.0\VC\bin\link.exe /ERRORREPORT:PROMPT /OUT:"C:\Documents and Settings\User\Рабочий стол\projects\smth\Debug\smth.exe" /NOLOGO kernel32.lib user32.lib gdi32.lib winspool.lib comdlg32.lib advapi32.lib shell32.lib ole32.lib oleaut32.lib uuid.lib odbc32.lib odbccp32.lib /MANIFEST /ManifestFile:"Debug\smth.exe.intermediate.manifest" /MANIFESTUAC:"level='asInvoker' uiAccess='false'" /DEBUG /PDB:"C:\Documents and Settings\User\Рабочий стол\projects\smth\Debug\smth.pdb" /TLBID:1 /DYNAMICBASE /NXCOMPAT /IMPLIB:"C:\Documents and Settings\User\Рабочий стол\projects\smth\Debug\smth.lib" /MACHINE:X86 Debug\createmass.obj
         Debug\getamount.obj
         Debug\moove.obj
         Debug\printmass.obj
         Debug\replace.obj
         "Debug\Исходный код.obj"
         LINK : не найден или не выполнена сборка C:\Documents and Settings\User\Рабочий стол\projects\smth\Debug\smth.exe при последней инкрементной компоновке; выполняется полная компоновка
         smth.vcxproj -> C:\Documents and Settings\User\Рабочий стол\projects\smth\Debug\smth.exe
       Manifest:
         C:\Program Files\Microsoft SDKs\Windows\v7.0A\bin\mt.exe /nologo /verbose /outputresource:"C:\Documents and Settings\User\Рабочий стол\projects\smth\Debug\smth.exe;#1" /manifest Debug\smth.exe.intermediate.manifest
       FinalizeBuildStatus:
         Файл "Debug\smth.unsuccessfulbuild" удаляется.
         Обращение к "Debug\smth.lastbuildstate".
     1>Построение проекта "C:\Documents and Settings\User\Рабочий стол\projects\smth\smth\smth.vcxproj" завершено (целевые объекты build).

Построение успешно завершено.

Затраченное время: 00:00:01.73
