Построение начато 21.03.2016 16:36:23.
     1>Проект "C:\Documents and Settings\User\Рабочий стол\projects\task8\task8\task8.vcxproj" в узле 2 (целевые объекты build).
     1>InitializeBuildStatus:
         Обращение к "Debug\task8.unsuccessfulbuild".
       ClCompile:
         C:\Program Files\Microsoft Visual Studio 10.0\VC\bin\CL.exe /c /ZI /nologo /W3 /WX- /Od /Oy- /D _MBCS /Gm /EHsc /RTC1 /MDd /GS /fp:precise /Zc:wchar_t /Zc:forScope /Fo"Debug\\" /Fd"Debug\vc100.pdb" /Gd /TP /analyze- /errorReport:prompt moove.cpp
         moove.cpp
       Link:
         C:\Program Files\Microsoft Visual Studio 10.0\VC\bin\link.exe /ERRORREPORT:PROMPT /OUT:"C:\Documents and Settings\User\Рабочий стол\projects\task8\Debug\task8.exe" /NOLOGO kernel32.lib user32.lib gdi32.lib winspool.lib comdlg32.lib advapi32.lib shell32.lib ole32.lib oleaut32.lib uuid.lib odbc32.lib odbccp32.lib /MANIFEST /ManifestFile:"Debug\task8.exe.intermediate.manifest" /MANIFESTUAC:"level='asInvoker' uiAccess='false'" /DEBUG /PDB:"C:\Documents and Settings\User\Рабочий стол\projects\task8\Debug\task8.pdb" /TLBID:1 /DYNAMICBASE /NXCOMPAT /IMPLIB:"C:\Documents and Settings\User\Рабочий стол\projects\task8\Debug\task8.lib" /MACHINE:X86 Debug\createmass.obj
         Debug\getamount.obj
         Debug\main.obj
         Debug\moove.obj
         Debug\printmass.obj
         Debug\replace.obj
         task8.vcxproj -> C:\Documents and Settings\User\Рабочий стол\projects\task8\Debug\task8.exe
       Manifest:
         C:\Program Files\Microsoft SDKs\Windows\v7.0A\bin\mt.exe /nologo /verbose /outputresource:"C:\Documents and Settings\User\Рабочий стол\projects\task8\Debug\task8.exe;#1" /manifest Debug\task8.exe.intermediate.manifest
       FinalizeBuildStatus:
         Файл "Debug\task8.unsuccessfulbuild" удаляется.
         Обращение к "Debug\task8.lastbuildstate".
     1>Построение проекта "C:\Documents and Settings\User\Рабочий стол\projects\task8\task8\task8.vcxproj" завершено (целевые объекты build).

Построение успешно завершено.

Затраченное время: 00:00:02.95
